#
# A fatal error has been detected by the Java Runtime Environment:
#
#  SIGSEGV (0xb) at pc=0x000000013c03d17b, pid=19891, tid=259
#
# JRE version: OpenJDK Runtime Environment Zulu17.40+19-CA (17.0.6+10) (build 17.0.6+10-LTS)
# Java VM: OpenJDK 64-Bit Server VM Zulu17.40+19-CA (17.0.6+10-LTS, mixed mode, sharing, tiered, compressed oops, compressed class ptrs, g1 gc, bsd-amd64)
# Problematic frame:
# C  [libhalsim_gui.dylib+0x1e17b]  _ZNSt3__110__function6__funcIZN9halsimgui19NetworkTablesSimGui10InitializeEvE3$_0NS_9allocatorIS4_EEFvvEEclEv+0xb
#
# No core dump will be written. Core dumps have been disabled. To enable core dumping, try "ulimit -c unlimited" before starting Java again
#
# If you would like to submit a bug report, please visit:
#   http://www.azul.com/support/
# The crash happened outside the Java Virtual Machine in native code.
# See problematic frame for where to report the bug.
#

---------------  S U M M A R Y ------------

Command Line: -Djava.library.path=/Users/nishaloutagvi/Zero/build/jni/release -Dfile.encoding=UTF-8 -Duser.country=US -Duser.language=en -Duser.variant /Users/nishaloutagvi/Zero/build/libs/Zero.jar

Host: "MacBookPro18,2" x86_64 (EMULATED) 2400 MHz, 10 cores, 32G, Darwin 21.6.0, macOS 10.16 (21G83)
Time: Fri Oct 13 22:03:04 2023 CDT elapsed time: 12.385694 seconds (0d 0h 0m 12s)

---------------  T H R E A D  ---------------

Current thread (0x00007f9d94008a00):  JavaThread "main" [_thread_in_native, id=259, stack(0x0000000304d6e000,0x000000030556e000)]

Stack: [0x0000000304d6e000,0x000000030556e000],  sp=0x000000030556a480,  free space=8177k
Native frames: (J=compiled Java code, j=interpreted, Vv=VM code, C=native code)
C  [libhalsim_gui.dylib+0x1e17b]  _ZNSt3__110__function6__funcIZN9halsimgui19NetworkTablesSimGui10InitializeEvE3$_0NS_9allocatorIS4_EEFvvEEclEv+0xb
C  [libhalsim_gui.dylib+0x87ad5]  _ZN3wpi3gui17CommonRenderFrameEv+0x75
C